{"message":"Route found for /_default/ : {\"controller\":\"controllers\\\\IndexController\",\"action\":\"index\",\"mainParams\":null}","context":{"context":"Router","part":"getRouteUrlParts","extra":null},"level":200,"level_name":"INFO","channel":"s623c676a33b3a","datetime":"2022-03-24T13:43:27.857514+01:00","extra":{}}
{"message":"SQLSTATE[HY000] [1049] Unknown database 'newbase'","context":{"context":"DAO","part":null,"extra":null},"level":400,"level_name":"ERROR","channel":"s623c676a33b3a","datetime":"2022-03-24T13:48:36.167767+01:00","extra":{}}
{"message":"SQLSTATE[HY000] [1049] Unknown database 'newbase'","context":{"context":"DAO","part":null,"extra":null},"level":400,"level_name":"ERROR","channel":"s623c676a33b3a","datetime":"2022-03-24T13:48:42.437228+01:00","extra":{}}
{"message":"Start transaction","context":{"context":"Transactions","part":"beginTransaction","extra":null},"level":200,"level_name":"INFO","channel":"s623c676a33b3a","datetime":"2022-03-24T13:48:42.574829+01:00","extra":{}}
{"message":"Route found for /_default/ : {\"controller\":\"controllers\\\\IndexController\",\"action\":\"index\",\"mainParams\":null}","context":{"context":"Router","part":"getRouteUrlParts","extra":null},"level":200,"level_name":"INFO","channel":"s623c676a33b3a","datetime":"2022-03-24T13:48:43.116046+01:00","extra":{}}
{"message":"Route found for /_default/ : {\"controller\":\"controllers\\\\IndexController\",\"action\":\"index\",\"mainParams\":null}","context":{"context":"Router","part":"getRouteUrlParts","extra":null},"level":200,"level_name":"INFO","channel":"s623c676a33b3a","datetime":"2022-03-24T13:52:27.599551+01:00","extra":{}}
{"message":"Route found for /_default/ : {\"controller\":\"controllers\\\\IndexController\",\"action\":\"index\",\"mainParams\":null}","context":{"context":"Router","part":"getRouteUrlParts","extra":null},"level":200,"level_name":"INFO","channel":"s623c676a33b3a","datetime":"2022-03-24T13:54:30.390461+01:00","extra":{}}
{"message":"SELECT COUNT(*) FROM `basket`","context":{"context":"Database","part":"prepareAndFetchColumn","extra":null},"level":200,"level_name":"INFO","channel":"s623c676a33b3a","datetime":"2022-03-24T13:54:33.516424+01:00","extra":{}}
{"message":"SELECT COUNT(*) FROM `basketdetail`","context":{"context":"Database","part":"prepareAndFetchColumn","extra":null},"level":200,"level_name":"INFO","channel":"s623c676a33b3a","datetime":"2022-03-24T13:54:33.517318+01:00","extra":{}}
{"message":"SELECT COUNT(*) FROM `employee`","context":{"context":"Database","part":"prepareAndFetchColumn","extra":null},"level":200,"level_name":"INFO","channel":"s623c676a33b3a","datetime":"2022-03-24T13:54:33.517707+01:00","extra":{}}
{"message":"SELECT COUNT(*) FROM `order`","context":{"context":"Database","part":"prepareAndFetchColumn","extra":null},"level":200,"level_name":"INFO","channel":"s623c676a33b3a","datetime":"2022-03-24T13:54:33.518102+01:00","extra":{}}
{"message":"SELECT COUNT(*) FROM `orderdetail`","context":{"context":"Database","part":"prepareAndFetchColumn","extra":null},"level":200,"level_name":"INFO","channel":"s623c676a33b3a","datetime":"2022-03-24T13:54:33.518501+01:00","extra":{}}
{"message":"SELECT COUNT(*) FROM `product`","context":{"context":"Database","part":"prepareAndFetchColumn","extra":null},"level":200,"level_name":"INFO","channel":"s623c676a33b3a","datetime":"2022-03-24T13:54:33.518898+01:00","extra":{}}
{"message":"SELECT COUNT(*) FROM `section`","context":{"context":"Database","part":"prepareAndFetchColumn","extra":null},"level":200,"level_name":"INFO","channel":"s623c676a33b3a","datetime":"2022-03-24T13:54:33.519340+01:00","extra":{}}
{"message":"SELECT COUNT(*) FROM `slot`","context":{"context":"Database","part":"prepareAndFetchColumn","extra":null},"level":200,"level_name":"INFO","channel":"s623c676a33b3a","datetime":"2022-03-24T13:54:33.519716+01:00","extra":{}}
{"message":"SELECT COUNT(*) FROM `timeslot`","context":{"context":"Database","part":"prepareAndFetchColumn","extra":null},"level":200,"level_name":"INFO","channel":"s623c676a33b3a","datetime":"2022-03-24T13:54:33.520092+01:00","extra":{}}
{"message":"SELECT COUNT(*) FROM `user`","context":{"context":"Database","part":"prepareAndFetchColumn","extra":null},"level":200,"level_name":"INFO","channel":"s623c676a33b3a","datetime":"2022-03-24T13:54:33.520451+01:00","extra":{}}
{"message":"SELECT COUNT(*) FROM `basket`","context":{"context":"Database","part":"prepareAndFetchColumn","extra":null},"level":200,"level_name":"INFO","channel":"s623c676a33b3a","datetime":"2022-03-24T13:55:33.010845+01:00","extra":{}}
{"message":"SELECT COUNT(*) FROM `basketdetail`","context":{"context":"Database","part":"prepareAndFetchColumn","extra":null},"level":200,"level_name":"INFO","channel":"s623c676a33b3a","datetime":"2022-03-24T13:55:33.011670+01:00","extra":{}}
{"message":"SELECT COUNT(*) FROM `employee`","context":{"context":"Database","part":"prepareAndFetchColumn","extra":null},"level":200,"level_name":"INFO","channel":"s623c676a33b3a","datetime":"2022-03-24T13:55:33.012021+01:00","extra":{}}
{"message":"SELECT COUNT(*) FROM `order`","context":{"context":"Database","part":"prepareAndFetchColumn","extra":null},"level":200,"level_name":"INFO","channel":"s623c676a33b3a","datetime":"2022-03-24T13:55:33.012399+01:00","extra":{}}
{"message":"SELECT COUNT(*) FROM `orderdetail`","context":{"context":"Database","part":"prepareAndFetchColumn","extra":null},"level":200,"level_name":"INFO","channel":"s623c676a33b3a","datetime":"2022-03-24T13:55:33.012749+01:00","extra":{}}
{"message":"SELECT COUNT(*) FROM `product`","context":{"context":"Database","part":"prepareAndFetchColumn","extra":null},"level":200,"level_name":"INFO","channel":"s623c676a33b3a","datetime":"2022-03-24T13:55:33.013119+01:00","extra":{}}
{"message":"SELECT COUNT(*) FROM `section`","context":{"context":"Database","part":"prepareAndFetchColumn","extra":null},"level":200,"level_name":"INFO","channel":"s623c676a33b3a","datetime":"2022-03-24T13:55:33.013452+01:00","extra":{}}
{"message":"SELECT COUNT(*) FROM `slot`","context":{"context":"Database","part":"prepareAndFetchColumn","extra":null},"level":200,"level_name":"INFO","channel":"s623c676a33b3a","datetime":"2022-03-24T13:55:33.013754+01:00","extra":{}}
{"message":"SELECT COUNT(*) FROM `timeslot`","context":{"context":"Database","part":"prepareAndFetchColumn","extra":null},"level":200,"level_name":"INFO","channel":"s623c676a33b3a","datetime":"2022-03-24T13:55:33.014191+01:00","extra":{}}
{"message":"SELECT COUNT(*) FROM `user`","context":{"context":"Database","part":"prepareAndFetchColumn","extra":null},"level":200,"level_name":"INFO","channel":"s623c676a33b3a","datetime":"2022-03-24T13:55:33.014584+01:00","extra":{}}
{"message":"Route found for /_default/ : {\"controller\":\"controllers\\\\IndexController\",\"action\":\"index\",\"mainParams\":null}","context":{"context":"Router","part":"getRouteUrlParts","extra":null},"level":200,"level_name":"INFO","channel":"s623c676a33b3a","datetime":"2022-03-24T13:55:33.228679+01:00","extra":{}}
{"message":"SELECT COUNT(*) FROM `basket`","context":{"context":"Database","part":"prepareAndFetchColumn","extra":null},"level":200,"level_name":"INFO","channel":"s623c676a33b3a","datetime":"2022-03-24T13:56:08.181684+01:00","extra":{}}
{"message":"SELECT COUNT(*) FROM `basketdetail`","context":{"context":"Database","part":"prepareAndFetchColumn","extra":null},"level":200,"level_name":"INFO","channel":"s623c676a33b3a","datetime":"2022-03-24T13:56:08.183743+01:00","extra":{}}
{"message":"SELECT COUNT(*) FROM `employee`","context":{"context":"Database","part":"prepareAndFetchColumn","extra":null},"level":200,"level_name":"INFO","channel":"s623c676a33b3a","datetime":"2022-03-24T13:56:08.184109+01:00","extra":{}}
{"message":"SELECT COUNT(*) FROM `order`","context":{"context":"Database","part":"prepareAndFetchColumn","extra":null},"level":200,"level_name":"INFO","channel":"s623c676a33b3a","datetime":"2022-03-24T13:56:08.184419+01:00","extra":{}}
{"message":"SELECT COUNT(*) FROM `orderdetail`","context":{"context":"Database","part":"prepareAndFetchColumn","extra":null},"level":200,"level_name":"INFO","channel":"s623c676a33b3a","datetime":"2022-03-24T13:56:08.184735+01:00","extra":{}}
{"message":"SELECT COUNT(*) FROM `product`","context":{"context":"Database","part":"prepareAndFetchColumn","extra":null},"level":200,"level_name":"INFO","channel":"s623c676a33b3a","datetime":"2022-03-24T13:56:08.185118+01:00","extra":{}}
{"message":"SELECT COUNT(*) FROM `section`","context":{"context":"Database","part":"prepareAndFetchColumn","extra":null},"level":200,"level_name":"INFO","channel":"s623c676a33b3a","datetime":"2022-03-24T13:56:08.185393+01:00","extra":{}}
{"message":"SELECT COUNT(*) FROM `slot`","context":{"context":"Database","part":"prepareAndFetchColumn","extra":null},"level":200,"level_name":"INFO","channel":"s623c676a33b3a","datetime":"2022-03-24T13:56:08.185655+01:00","extra":{}}
{"message":"SELECT COUNT(*) FROM `timeslot`","context":{"context":"Database","part":"prepareAndFetchColumn","extra":null},"level":200,"level_name":"INFO","channel":"s623c676a33b3a","datetime":"2022-03-24T13:56:08.185942+01:00","extra":{}}
{"message":"SELECT COUNT(*) FROM `user`","context":{"context":"Database","part":"prepareAndFetchColumn","extra":null},"level":200,"level_name":"INFO","channel":"s623c676a33b3a","datetime":"2022-03-24T13:56:08.186235+01:00","extra":{}}
{"message":"Route found for /_default/ : {\"controller\":\"controllers\\\\IndexController\",\"action\":\"index\",\"mainParams\":null}","context":{"context":"Router","part":"getRouteUrlParts","extra":null},"level":200,"level_name":"INFO","channel":"s623c676a33b3a","datetime":"2022-03-24T13:56:08.410430+01:00","extra":{}}
